\BOOKMARK [1][-]{Doc-Start}{\376\377\004\036\004\063\004\073\004\060\004\062\004\073\004\065\004\075\004\070\004\065}{}% 1
\BOOKMARK [1][-]{Doc-Start}{\376\377\004\020\004\075\004\075\004\076\004\102\004\060\004\106\004\070\004\117}{}% 2
\BOOKMARK [1][-]{section.1}{\376\377\004\022\004\062\004\065\004\064\004\065\004\075\004\070\004\065}{}% 3
\BOOKMARK [1][-]{section.2}{\376\377\004\036\004\101\004\075\004\076\004\062\004\060\000\040\004\100\004\060\004\061\004\076\004\102\004\113}{}% 4
\BOOKMARK [2][-]{subsection.2.1}{\376\377\004\020\004\072\004\102\004\103\004\060\004\073\004\114\004\075\004\076\004\101\004\102\004\114\000\040\004\070\004\101\004\101\004\073\004\065\004\064\004\076\004\062\004\060\004\075\004\070\004\117}{section.2}% 5
\BOOKMARK [2][-]{subsection.2.2}{\376\377\004\036\004\061\004\112\004\065\004\072\004\102\000\040\004\070\000\040\004\077\004\100\004\065\004\064\004\074\004\065\004\102\000\040\004\070\004\101\004\101\004\073\004\065\004\064\004\076\004\062\004\060\004\075\004\070\004\117}{section.2}% 6
\BOOKMARK [2][-]{subsection.2.3}{\376\377\004\046\004\065\004\073\004\114\000\040\004\070\000\040\004\067\004\060\004\064\004\060\004\107\004\070}{section.2}% 7
\BOOKMARK [2][-]{subsection.2.4}{\376\377\004\035\004\060\004\103\004\107\004\075\004\060\004\117\000\040\004\075\004\076\004\062\004\070\004\067\004\075\004\060}{section.2}% 8
\BOOKMARK [2][-]{subsection.2.5}{\376\377\004\034\004\065\004\102\004\076\004\064\004\076\004\073\004\076\004\063\004\070\004\117\000\040\004\070\000\040\004\101\004\102\004\100\004\103\004\072\004\102\004\103\004\100\004\060\000\040\004\100\004\060\004\061\004\076\004\102\004\113}{section.2}% 9
\BOOKMARK [1][-]{section.3}{\376\377\004\036\004\061\004\067\004\076\004\100\000\040\004\101\004\103\004\111\004\065\004\101\004\102\004\062\004\103\004\116\004\111\004\070\004\105\000\040\004\100\004\065\004\110\004\065\004\075\004\070\004\071}{}% 10
\BOOKMARK [2][-]{subsection.3.1}{\376\377\004\030\004\101\004\077\004\076\004\073\004\114\004\067\004\076\004\062\004\060\004\075\004\070\004\065\000\040\004\073\004\070\004\075\004\065\004\071\004\075\004\076\004\071\000\040\004\100\004\065\004\063\004\100\004\065\004\101\004\101\004\070\004\070}{section.3}% 11
\BOOKMARK [2][-]{subsection.3.2}{\376\377\004\041\004\076\004\062\004\100\004\065\004\074\004\065\004\075\004\075\004\113\004\065\000\040\004\074\004\065\004\102\004\076\004\064\004\113\000\040\004\074\004\060\004\110\004\070\004\075\004\075\004\076\004\063\004\076\000\040\004\076\004\061\004\103\004\107\004\065\004\075\004\070\004\117}{section.3}% 12
\BOOKMARK [2][-]{subsection.3.3}{\376\377\004\035\004\076\004\062\004\076\004\101\004\102\004\075\004\076\004\071\000\040\004\104\004\076\004\075}{section.3}% 13
\BOOKMARK [2][-]{subsection.3.4}{\376\377\004\040\004\065\004\067\004\103\004\073\004\114\004\102\004\060\004\102\004\113\000\040\004\070\004\101\004\101\004\073\004\065\004\064\004\076\004\062\004\060\004\075\004\070\004\071}{section.3}% 14
\BOOKMARK [1][-]{section.4}{\376\377\004\041\004\061\004\076\004\100\000,\000\040\004\076\004\061\004\100\004\060\004\061\004\076\004\102\004\072\004\060\000\040\004\070\000\040\004\060\004\075\004\060\004\073\004\070\004\067\000\040\004\064\004\060\004\075\004\075\004\113\004\105}{}% 15
\BOOKMARK [2][-]{subsection.4.1}{\376\377\004\042\004\070\004\072\004\065\004\100\004\113\000\040\004\115\004\074\004\070\004\102\004\065\004\075\004\102\004\076\004\062}{section.4}% 16
\BOOKMARK [2][-]{subsection.4.2}{\376\377\004\046\004\065\004\075\004\113\000\040\004\060\004\072\004\106\004\070\004\071}{section.4}% 17
\BOOKMARK [2][-]{subsection.4.3}{\376\377\004\035\004\076\004\062\004\076\004\101\004\102\004\070\000\040\004\077\004\076\000\040\004\060\004\072\004\106\004\070\004\117\004\074}{section.4}% 18
\BOOKMARK [1][-]{section.5}{\376\377\004\034\004\076\004\064\004\065\004\073\004\070}{}% 19
\BOOKMARK [2][-]{subsection.5.1}{\376\377\004\034\004\065\004\102\004\100\004\070\004\072\004\070}{section.5}% 20
\BOOKMARK [2][-]{subsection.5.2}{\376\377\004\037\004\076\000\040\004\106\004\065\004\075\004\060\004\074}{section.5}% 21
\BOOKMARK [2][-]{subsection.5.3}{\376\377\004\041\000\040\004\070\004\101\004\077\004\076\004\073\004\114\004\067\004\076\004\062\004\060\004\075\004\070\004\065\004\074\000\040\004\075\004\076\004\062\004\076\004\101\004\102\004\065\004\071}{section.5}% 22
\BOOKMARK [2][-]{subsection.5.4}{\376\377\000S\000A\000R\000I\000M\000A\000X}{section.5}% 23
\BOOKMARK [2][-]{subsection.5.5}{\376\377\000R\000i\000d\000g\000e\000\040\000R\000e\000g\000r\000e\000s\000s\000i\000o\000n}{section.5}% 24
\BOOKMARK [2][-]{subsection.5.6}{\376\377\000R\000a\000n\000d\000o\000m\000\040\000F\000o\000r\000e\000s\000t\000\040\000R\000e\000g\000r\000e\000s\000s\000i\000o\000n}{section.5}% 25
\BOOKMARK [2][-]{subsection.5.7}{\376\377\000X\000G\000B\000R\000e\000g\000r\000e\000s\000s\000o\000r}{section.5}% 26
\BOOKMARK [2][-]{subsection.5.8}{\376\377\000L\000S\000T\000M}{section.5}% 27
\BOOKMARK [2][-]{subsection.5.9}{\376\377\004\040\004\065\004\067\004\103\004\073\004\114\004\102\004\060\004\102\004\113\000\040\004\070\004\101\004\101\004\073\004\065\004\064\004\076\004\062\004\060\004\075\004\070\004\071}{section.5}% 28
\BOOKMARK [1][-]{section.6}{\376\377\004\041\004\065\004\100\004\062\004\070\004\101}{}% 29
\BOOKMARK [2][-]{subsection.6.1}{\376\377\004\020\004\100\004\105\004\070\004\102\004\065\004\072\004\102\004\103\004\100\004\060}{section.6}% 30
\BOOKMARK [2][-]{subsection.6.2}{\376\377\004\027\004\060\004\077\004\100\004\076\004\101\004\113\000\040\000A\000P\000I}{section.6}% 31
\BOOKMARK [2][-]{subsection.6.3}{\376\377\004\036\004\061\004\111\004\060\004\117\000\040\004\101\004\102\004\100\004\103\004\072\004\102\004\103\004\100\004\060\000\040\004\101\004\065\004\100\004\062\004\070\004\101\004\060}{section.6}% 32
\BOOKMARK [2][-]{subsection.6.4}{\376\377\004\044\004\103\004\075\004\072\004\070\004\076\004\075\004\060\004\073}{section.6}% 33
\BOOKMARK [1][-]{section.7}{\376\377\004\032\004\060\004\072\000\040\004\074\004\076\004\066\004\075\004\076\000\040\004\103\004\073\004\103\004\107\004\110\004\070\004\102\004\114\000\040\004\100\004\065\004\067\004\103\004\073\004\114\004\102\004\060\004\102}{}% 34
\BOOKMARK [1][-]{section.8}{\376\377\004\027\004\060\004\072\004\073\004\116\004\107\004\065\004\075\004\070\004\065}{}% 35
\BOOKMARK [1][-]{section.8}{\376\377\004\041\004\077\004\070\004\101\004\076\004\072\000\040\004\073\004\070\004\102\004\065\004\100\004\060\004\102\004\103\004\100\004\113}{}% 36
